;  LST file generated by mikroListExporter - v.2.0 
; Date/Time: 20-07-2017 12:34:14
;----------------------------------------------

;Address Opcode 	ASM
0x0000	0x2841      	GOTO       65
_Delay_22us:
;__Lib_Delays.c,15 :: 		void Delay_22us() {
;__Lib_Delays.c,16 :: 		Delay_us(22);
0x0003	0x3007      	MOVLW      7
0x0004	0x1283      	BCF        STATUS, 5
0x0005	0x1303      	BCF        STATUS, 6
0x0006	0x00FD      	MOVWF      R13
L_Delay_22us1:
0x0007	0x0BFD      	DECFSZ     R13, 1
0x0008	0x2807      	GOTO       L_Delay_22us1
;__Lib_Delays.c,17 :: 		}
L_end_Delay_22us:
0x0009	0x0008      	RETURN
; end of _Delay_22us
_____DoICP:
;__Lib_System.c,6 :: 		
;__Lib_System.c,9 :: 		
0x000A	0x1283      	BCF        STATUS, 5
0x000B	0x1303      	BCF        STATUS, 6
0x000C	0x0833      	MOVF       ___DoICPAddr+1, 0
0x000D	0x008A      	MOVWF      PCLATH
;__Lib_System.c,10 :: 		
0x000E	0x0832      	MOVF       ___DoICPAddr, 0
0x000F	0x0082      	MOVWF      PCL
;__Lib_System.c,12 :: 		
L_end_____DoICP:
0x0010	0x0008      	RETURN
; end of _____DoICP
___CC2DW:
;__Lib_System.c,134 :: 		
;__Lib_System.c,137 :: 		
_CC2D_Loop1:
;__Lib_System.c,139 :: 		
0x0011	0x200A      	CALL       _____DoICP
0x0012	0x118A      	BCF        PCLATH, 3
0x0013	0x120A      	BCF        PCLATH, 4
;__Lib_System.c,141 :: 		
0x0014	0x0080      	MOVWF      INDF
;__Lib_System.c,142 :: 		
0x0015	0x0A84      	INCF       FSR, 1
;__Lib_System.c,143 :: 		
0x0016	0x0AB2      	INCF       ___DoICPAddr, 1
;__Lib_System.c,145 :: 		
0x0017	0x1903      	BTFSC      STATUS, 2
;__Lib_System.c,146 :: 		
0x0018	0x0AB3      	INCF       ___DoICPAddr+1, 1
;__Lib_System.c,147 :: 		
0x0019	0x03F0      	DECF       R0, 1
;__Lib_System.c,149 :: 		
0x001A	0x1D03      	BTFSS      STATUS, 2
;__Lib_System.c,150 :: 		
0x001B	0x2811      	GOTO       _CC2D_Loop1
;__Lib_System.c,152 :: 		
L_end___CC2DW:
0x001C	0x0008      	RETURN
; end of ___CC2DW
_ADC_Read:
;__Lib_ADC_A_C.c,45 :: 		
;__Lib_ADC_A_C.c,47 :: 		
0x001D	0x1283      	BCF        STATUS, 5
0x001E	0x1303      	BCF        STATUS, 6
0x001F	0x019F      	CLRF       ADCON0
;__Lib_ADC_A_C.c,48 :: 		
0x0020	0x30C0      	MOVLW      192
0x0021	0x049F      	IORWF      ADCON0, 1
;__Lib_ADC_A_C.c,49 :: 		
0x0022	0x1683      	BSF        STATUS, 5
0x0023	0x171F      	BSF        ADCON1, 6
;__Lib_ADC_A_C.c,50 :: 		
0x0024	0x179F      	BSF        ADCON1, 7
;__Lib_ADC_A_C.c,51 :: 		
0x0025	0x1283      	BCF        STATUS, 5
0x0026	0x0834      	MOVF       FARG_ADC_Read_channel, 0
0x0027	0x00F0      	MOVWF      R0
0x0028	0x0DF0      	RLF        R0, 1
0x0029	0x1070      	BCF        R0, 0
0x002A	0x0DF0      	RLF        R0, 1
0x002B	0x1070      	BCF        R0, 0
0x002C	0x0DF0      	RLF        R0, 1
0x002D	0x1070      	BCF        R0, 0
0x002E	0x0870      	MOVF       R0, 0
0x002F	0x049F      	IORWF      ADCON0, 1
;__Lib_ADC_A_C.c,54 :: 		
0x0030	0x141F      	BSF        ADCON0, 0
;__Lib_ADC_A_C.c,57 :: 		
0x0031	0x2003      	CALL       _Delay_22us
;__Lib_ADC_A_C.c,60 :: 		
0x0032	0x151F      	BSF        ADCON0, 2
;__Lib_ADC_A_C.c,63 :: 		
L_ADC_Read2:
0x0033	0x1D1F      	BTFSS      ADCON0, 2
0x0034	0x2837      	GOTO       L_ADC_Read3
;__Lib_ADC_A_C.c,64 :: 		
0x0035	0x0000      	NOP
0x0036	0x2833      	GOTO       L_ADC_Read2
L_ADC_Read3:
;__Lib_ADC_A_C.c,67 :: 		
0x0037	0x101F      	BCF        ADCON0, 0
;__Lib_ADC_A_C.c,70 :: 		
0x0038	0x081E      	MOVF       ADRESH, 0
0x0039	0x00F1      	MOVWF      R0+1
0x003A	0x01F0      	CLRF       R0
0x003B	0x1683      	BSF        STATUS, 5
0x003C	0x081E      	MOVF       ADRESL, 0
0x003D	0x04F0      	IORWF      R0, 1
0x003E	0x3000      	MOVLW      0
0x003F	0x04F1      	IORWF      R0+1, 1
;__Lib_ADC_A_C.c,71 :: 		
L_end_ADC_Read:
0x0040	0x0008      	RETURN
; end of _ADC_Read
_main:
0x0041	0x1283      	BCF        STATUS, 5
0x0042	0x1303      	BCF        STATUS, 6
0x0043	0x01A0      	CLRF       _dispensing
0x0044	0x01A1      	CLRF       33
0x0045	0x01A2      	CLRF       _zeroPositionValue1
0x0046	0x01A3      	CLRF       35
0x0047	0x01A4      	CLRF       _i
0x0048	0x01A5      	CLRF       37
0x0049	0x3032      	MOVLW      50
0x004A	0x00A6      	MOVWF      _coinSwitchValue
0x004B	0x01A7      	CLRF       39
0x004C	0x01A8      	CLRF       _numberOfNapkins
0x004D	0x01A9      	CLRF       41
0x004E	0x3089      	MOVLW      137
0x004F	0x00AA      	MOVWF      _irReceiverValue
0x0050	0x01AB      	CLRF       43
0x0051	0x01AC      	CLRF       _stepCount
0x0052	0x01AD      	CLRF       45
0x0053	0x01AE      	CLRF       _coinSwitchToggleFlag
0x0054	0x01AF      	CLRF       47
0x0055	0x01B0      	CLRF       _coinCount
0x0056	0x01B1      	CLRF       49
;D,56 :: 		
;D,58 :: 		
0x0057	0x30FF      	MOVLW      255
0x0058	0x1683      	BSF        STATUS, 5
0x0059	0x0085      	MOVWF      TRISA
;D,59 :: 		
0x005A	0x30FF      	MOVLW      255
0x005B	0x0089      	MOVWF      TRISE
;D,60 :: 		
0x005C	0x3082      	MOVLW      130
0x005D	0x009F      	MOVWF      ADCON1
;D,61 :: 		
0x005E	0x3001      	MOVLW      1
0x005F	0x1283      	BCF        STATUS, 5
0x0060	0x009F      	MOVWF      ADCON0
;D,62 :: 		
0x0061	0x1683      	BSF        STATUS, 5
0x0062	0x0186      	CLRF       TRISB
;D,63 :: 		
0x0063	0x0187      	CLRF       TRISC
;D,64 :: 		
0x0064	0x0188      	CLRF       TRISD
;D,65 :: 		
0x0065	0x1283      	BCF        STATUS, 5
0x0066	0x1286      	BCF        PORTB, 5
;D,66 :: 		
0x0067	0x1007      	BCF        PORTC, 0
;D,67 :: 		
0x0068	0x1088      	BCF        PORTD, 1
;D,68 :: 		
0x0069	0x1286      	BCF        PORTB, 5
;D,70 :: 		
0x006A	0x3041      	MOVLW      65
0x006B	0x00FC      	MOVWF      R12
0x006C	0x30EE      	MOVLW      238
0x006D	0x00FD      	MOVWF      R13
L_main2:
0x006E	0x0BFD      	DECFSZ     R13, 1
0x006F	0x286E      	GOTO       L_main2
0x0070	0x0BFC      	DECFSZ     R12, 1
0x0071	0x286E      	GOTO       L_main2
0x0072	0x0000      	NOP
;D,71 :: 		
0x0073	0x1686      	BSF        PORTB, 5
;D,72 :: 		
0x0074	0x3082      	MOVLW      130
0x0075	0x00FC      	MOVWF      R12
0x0076	0x30DD      	MOVLW      221
0x0077	0x00FD      	MOVWF      R13
L_main3:
0x0078	0x0BFD      	DECFSZ     R13, 1
0x0079	0x2878      	GOTO       L_main3
0x007A	0x0BFC      	DECFSZ     R12, 1
0x007B	0x2878      	GOTO       L_main3
0x007C	0x0000      	NOP
0x007D	0x0000      	NOP
;D,75 :: 		
0x007E	0x01B4      	CLRF       FARG_ADC_Read_channel
0x007F	0x201D      	CALL       _ADC_Read
0x0080	0x0870      	MOVF       R0, 0
0x0081	0x1283      	BCF        STATUS, 5
0x0082	0x00AA      	MOVWF      _irReceiverValue
0x0083	0x0871      	MOVF       R0+1, 0
0x0084	0x00AB      	MOVWF      _irReceiverValue+1
;D,80 :: 		
0x0085	0x3000      	MOVLW      0
0x0086	0x0271      	SUBWF      R0+1, 0
0x0087	0x1D03      	BTFSS      STATUS, 2
0x0088	0x288B      	GOTO       L__main51
0x0089	0x308C      	MOVLW      140
0x008A	0x0270      	SUBWF      R0, 0
L__main51:
0x008B	0x1803      	BTFSC      STATUS, 0
0x008C	0x288F      	GOTO       L_main4
;D,82 :: 		
0x008D	0x1007      	BCF        PORTC, 0
;D,84 :: 		
0x008E	0x2898      	GOTO       L_main5
L_main4:
;D,86 :: 		
0x008F	0x082B      	MOVF       _irReceiverValue+1, 0
0x0090	0x3C00      	SUBLW      0
0x0091	0x1D03      	BTFSS      STATUS, 2
0x0092	0x2895      	GOTO       L__main52
0x0093	0x082A      	MOVF       _irReceiverValue, 0
0x0094	0x3C88      	SUBLW      136
L__main52:
0x0095	0x1803      	BTFSC      STATUS, 0
0x0096	0x2898      	GOTO       L_main6
;D,88 :: 		
0x0097	0x1407      	BSF        PORTC, 0
;D,89 :: 		
L_main6:
L_main5:
;D,94 :: 		
0x0098	0x3082      	MOVLW      130
0x0099	0x00FC      	MOVWF      R12
0x009A	0x30DD      	MOVLW      221
0x009B	0x00FD      	MOVWF      R13
L_main7:
0x009C	0x0BFD      	DECFSZ     R13, 1
0x009D	0x289C      	GOTO       L_main7
0x009E	0x0BFC      	DECFSZ     R12, 1
0x009F	0x289C      	GOTO       L_main7
0x00A0	0x0000      	NOP
0x00A1	0x0000      	NOP
;D,96 :: 		
L_main8:
;D,99 :: 		
0x00A2	0x01B4      	CLRF       FARG_ADC_Read_channel
0x00A3	0x201D      	CALL       _ADC_Read
0x00A4	0x0870      	MOVF       R0, 0
0x00A5	0x1283      	BCF        STATUS, 5
0x00A6	0x00AA      	MOVWF      _irReceiverValue
0x00A7	0x0871      	MOVF       R0+1, 0
0x00A8	0x00AB      	MOVWF      _irReceiverValue+1
;D,100 :: 		
0x00A9	0x300D      	MOVLW      13
0x00AA	0x00FC      	MOVWF      R12
0x00AB	0x30FB      	MOVLW      251
0x00AC	0x00FD      	MOVWF      R13
L_main10:
0x00AD	0x0BFD      	DECFSZ     R13, 1
0x00AE	0x28AD      	GOTO       L_main10
0x00AF	0x0BFC      	DECFSZ     R12, 1
0x00B0	0x28AD      	GOTO       L_main10
0x00B1	0x0000      	NOP
0x00B2	0x0000      	NOP
;D,101 :: 		
0x00B3	0x3001      	MOVLW      1
0x00B4	0x00B4      	MOVWF      FARG_ADC_Read_channel
0x00B5	0x201D      	CALL       _ADC_Read
0x00B6	0x0870      	MOVF       R0, 0
0x00B7	0x1283      	BCF        STATUS, 5
0x00B8	0x00A6      	MOVWF      _coinSwitchValue
0x00B9	0x0871      	MOVF       R0+1, 0
0x00BA	0x00A7      	MOVWF      _coinSwitchValue+1
;D,102 :: 		
0x00BB	0x300D      	MOVLW      13
0x00BC	0x00FC      	MOVWF      R12
0x00BD	0x30FB      	MOVLW      251
0x00BE	0x00FD      	MOVWF      R13
L_main11:
0x00BF	0x0BFD      	DECFSZ     R13, 1
0x00C0	0x28BF      	GOTO       L_main11
0x00C1	0x0BFC      	DECFSZ     R12, 1
0x00C2	0x28BF      	GOTO       L_main11
0x00C3	0x0000      	NOP
0x00C4	0x0000      	NOP
;D,103 :: 		
0x00C5	0x3002      	MOVLW      2
0x00C6	0x00B4      	MOVWF      FARG_ADC_Read_channel
0x00C7	0x201D      	CALL       _ADC_Read
0x00C8	0x0870      	MOVF       R0, 0
0x00C9	0x1283      	BCF        STATUS, 5
0x00CA	0x00A2      	MOVWF      _zeroPositionValue1
0x00CB	0x0871      	MOVF       R0+1, 0
0x00CC	0x00A3      	MOVWF      _zeroPositionValue1+1
;D,104 :: 		
0x00CD	0x300D      	MOVLW      13
0x00CE	0x00FC      	MOVWF      R12
0x00CF	0x30FB      	MOVLW      251
0x00D0	0x00FD      	MOVWF      R13
L_main12:
0x00D1	0x0BFD      	DECFSZ     R13, 1
0x00D2	0x28D1      	GOTO       L_main12
0x00D3	0x0BFC      	DECFSZ     R12, 1
0x00D4	0x28D1      	GOTO       L_main12
0x00D5	0x0000      	NOP
0x00D6	0x0000      	NOP
;D,105 :: 		
0x00D7	0x3000      	MOVLW      0
0x00D8	0x1809      	BTFSC      PORTE, 0
0x00D9	0x3001      	MOVLW      1
0x00DA	0x00A0      	MOVWF      _dispensing
0x00DB	0x01A1      	CLRF       _dispensing+1
;D,124 :: 		
0x00DC	0x3000      	MOVLW      0
0x00DD	0x022B      	SUBWF      _irReceiverValue+1, 0
0x00DE	0x1D03      	BTFSS      STATUS, 2
0x00DF	0x28E2      	GOTO       L__main53
0x00E0	0x308C      	MOVLW      140
0x00E1	0x022A      	SUBWF      _irReceiverValue, 0
L__main53:
0x00E2	0x1803      	BTFSC      STATUS, 0
0x00E3	0x28E5      	GOTO       L_main13
;D,126 :: 		
0x00E4	0x1007      	BCF        PORTC, 0
;D,128 :: 		
L_main13:
;D,129 :: 		
0x00E5	0x082B      	MOVF       _irReceiverValue+1, 0
0x00E6	0x3C00      	SUBLW      0
0x00E7	0x1D03      	BTFSS      STATUS, 2
0x00E8	0x28EB      	GOTO       L__main54
0x00E9	0x082A      	MOVF       _irReceiverValue, 0
0x00EA	0x3C88      	SUBLW      136
L__main54:
0x00EB	0x1803      	BTFSC      STATUS, 0
0x00EC	0x28EE      	GOTO       L_main14
;D,131 :: 		
0x00ED	0x1407      	BSF        PORTC, 0
;D,133 :: 		
L_main14:
;D,138 :: 		
0x00EE	0x1286      	BCF        PORTB, 5
;D,139 :: 		
0x00EF	0x3082      	MOVLW      130
0x00F0	0x00FC      	MOVWF      R12
0x00F1	0x30DD      	MOVLW      221
0x00F2	0x00FD      	MOVWF      R13
L_main15:
0x00F3	0x0BFD      	DECFSZ     R13, 1
0x00F4	0x28F3      	GOTO       L_main15
0x00F5	0x0BFC      	DECFSZ     R12, 1
0x00F6	0x28F3      	GOTO       L_main15
0x00F7	0x0000      	NOP
0x00F8	0x0000      	NOP
;D,141 :: 		
0x00F9	0x3000      	MOVLW      0
0x00FA	0x0621      	XORWF      _dispensing+1, 0
0x00FB	0x1D03      	BTFSS      STATUS, 2
0x00FC	0x28FF      	GOTO       L__main55
0x00FD	0x3001      	MOVLW      1
0x00FE	0x0620      	XORWF      _dispensing, 0
L__main55:
0x00FF	0x1D03      	BTFSS      STATUS, 2
0x0100	0x2926      	GOTO       L_main16
;D,144 :: 		
0x0101	0x1488      	BSF        PORTD, 1
;D,146 :: 		
0x0102	0x01A4      	CLRF       _i
0x0103	0x01A5      	CLRF       _i+1
L_main17:
0x0104	0x3000      	MOVLW      0
0x0105	0x0225      	SUBWF      _i+1, 0
0x0106	0x1D03      	BTFSS      STATUS, 2
0x0107	0x290A      	GOTO       L__main56
0x0108	0x30C8      	MOVLW      200
0x0109	0x0224      	SUBWF      _i, 0
L__main56:
0x010A	0x1803      	BTFSC      STATUS, 0
0x010B	0x2926      	GOTO       L_main18
;D,148 :: 		
0x010C	0x1488      	BSF        PORTD, 1
;D,149 :: 		
0x010D	0x300D      	MOVLW      13
0x010E	0x00FC      	MOVWF      R12
0x010F	0x30FB      	MOVLW      251
0x0110	0x00FD      	MOVWF      R13
L_main20:
0x0111	0x0BFD      	DECFSZ     R13, 1
0x0112	0x2911      	GOTO       L_main20
0x0113	0x0BFC      	DECFSZ     R12, 1
0x0114	0x2911      	GOTO       L_main20
0x0115	0x0000      	NOP
0x0116	0x0000      	NOP
;D,150 :: 		
0x0117	0x1088      	BCF        PORTD, 1
;D,151 :: 		
0x0118	0x300D      	MOVLW      13
0x0119	0x00FC      	MOVWF      R12
0x011A	0x30FB      	MOVLW      251
0x011B	0x00FD      	MOVWF      R13
L_main21:
0x011C	0x0BFD      	DECFSZ     R13, 1
0x011D	0x291C      	GOTO       L_main21
0x011E	0x0BFC      	DECFSZ     R12, 1
0x011F	0x291C      	GOTO       L_main21
0x0120	0x0000      	NOP
0x0121	0x0000      	NOP
;D,146 :: 		
0x0122	0x0AA4      	INCF       _i, 1
0x0123	0x1903      	BTFSC      STATUS, 2
0x0124	0x0AA5      	INCF       _i+1, 1
;D,153 :: 		
0x0125	0x2904      	GOTO       L_main17
L_main18:
;D,156 :: 		
L_main16:
;D,157 :: 		
0x0126	0x3000      	MOVLW      0
0x0127	0x0621      	XORWF      _dispensing+1, 0
0x0128	0x1D03      	BTFSS      STATUS, 2
0x0129	0x292C      	GOTO       L__main57
0x012A	0x3000      	MOVLW      0
0x012B	0x0620      	XORWF      _dispensing, 0
L__main57:
0x012C	0x1D03      	BTFSS      STATUS, 2
0x012D	0x292F      	GOTO       L_main22
;D,160 :: 		
0x012E	0x1088      	BCF        PORTD, 1
;D,161 :: 		
L_main22:
;D,163 :: 		
0x012F	0x3000      	MOVLW      0
0x0130	0x0227      	SUBWF      _coinSwitchValue+1, 0
0x0131	0x1D03      	BTFSS      STATUS, 2
0x0132	0x2935      	GOTO       L__main58
0x0133	0x3014      	MOVLW      20
0x0134	0x0226      	SUBWF      _coinSwitchValue, 0
L__main58:
0x0135	0x1C03      	BTFSS      STATUS, 0
0x0136	0x293B      	GOTO       L_main23
;D,165 :: 		
0x0137	0x3001      	MOVLW      1
0x0138	0x00AE      	MOVWF      _coinSwitchToggleFlag
0x0139	0x3000      	MOVLW      0
0x013A	0x00AF      	MOVWF      _coinSwitchToggleFlag+1
;D,166 :: 		
L_main23:
;D,168 :: 		
0x013B	0x3000      	MOVLW      0
0x013C	0x0227      	SUBWF      _coinSwitchValue+1, 0
0x013D	0x1D03      	BTFSS      STATUS, 2
0x013E	0x2941      	GOTO       L__main59
0x013F	0x3014      	MOVLW      20
0x0140	0x0226      	SUBWF      _coinSwitchValue, 0
L__main59:
0x0141	0x1803      	BTFSC      STATUS, 0
0x0142	0x2955      	GOTO       L_main26
0x0143	0x082E      	MOVF       _coinSwitchToggleFlag, 0
0x0144	0x042F      	IORWF      _coinSwitchToggleFlag+1, 0
0x0145	0x1903      	BTFSC      STATUS, 2
0x0146	0x2955      	GOTO       L_main26
L__main48:
;D,170 :: 		
0x0147	0x3041      	MOVLW      65
0x0148	0x00FC      	MOVWF      R12
0x0149	0x30EE      	MOVLW      238
0x014A	0x00FD      	MOVWF      R13
L_main27:
0x014B	0x0BFD      	DECFSZ     R13, 1
0x014C	0x294B      	GOTO       L_main27
0x014D	0x0BFC      	DECFSZ     R12, 1
0x014E	0x294B      	GOTO       L_main27
0x014F	0x0000      	NOP
;D,171 :: 		
0x0150	0x0AB0      	INCF       _coinCount, 1
0x0151	0x1903      	BTFSC      STATUS, 2
0x0152	0x0AB1      	INCF       _coinCount+1, 1
;D,172 :: 		
0x0153	0x01AE      	CLRF       _coinSwitchToggleFlag
0x0154	0x01AF      	CLRF       _coinSwitchToggleFlag+1
;D,173 :: 		
L_main26:
;D,174 :: 		
0x0155	0x1D85      	BTFSS      PORTA, 3
0x0156	0x296D      	GOTO       L_main30
0x0157	0x3000      	MOVLW      0
0x0158	0x022B      	SUBWF      _irReceiverValue+1, 0
0x0159	0x1D03      	BTFSS      STATUS, 2
0x015A	0x295D      	GOTO       L__main60
0x015B	0x308C      	MOVLW      140
0x015C	0x022A      	SUBWF      _irReceiverValue, 0
L__main60:
0x015D	0x1803      	BTFSC      STATUS, 0
0x015E	0x296D      	GOTO       L_main30
L__main47:
;D,176 :: 		
0x015F	0x3041      	MOVLW      65
0x0160	0x00FC      	MOVWF      R12
0x0161	0x30EE      	MOVLW      238
0x0162	0x00FD      	MOVWF      R13
L_main31:
0x0163	0x0BFD      	DECFSZ     R13, 1
0x0164	0x2963      	GOTO       L_main31
0x0165	0x0BFC      	DECFSZ     R12, 1
0x0166	0x2963      	GOTO       L_main31
0x0167	0x0000      	NOP
;D,177 :: 		
0x0168	0x0AB0      	INCF       _coinCount, 1
0x0169	0x1903      	BTFSC      STATUS, 2
0x016A	0x0AB1      	INCF       _coinCount+1, 1
;D,178 :: 		
0x016B	0x01AE      	CLRF       _coinSwitchToggleFlag
0x016C	0x01AF      	CLRF       _coinSwitchToggleFlag+1
;D,179 :: 		
L_main30:
;D,183 :: 		
0x016D	0x3000      	MOVLW      0
0x016E	0x0631      	XORWF      _coinCount+1, 0
0x016F	0x1D03      	BTFSS      STATUS, 2
0x0170	0x2973      	GOTO       L__main61
0x0171	0x3001      	MOVLW      1
0x0172	0x0630      	XORWF      _coinCount, 0
L__main61:
0x0173	0x1D03      	BTFSS      STATUS, 2
0x0174	0x29F3      	GOTO       L_main32
;D,187 :: 		
0x0175	0x3000      	MOVLW      0
0x0176	0x0229      	SUBWF      _numberOfNapkins+1, 0
0x0177	0x1D03      	BTFSS      STATUS, 2
0x0178	0x297B      	GOTO       L__main62
0x0179	0x3002      	MOVLW      2
0x017A	0x0228      	SUBWF      _numberOfNapkins, 0
L__main62:
0x017B	0x1803      	BTFSC      STATUS, 0
0x017C	0x29B7      	GOTO       L_main34
;D,190 :: 		
L_main35:
0x017D	0x3001      	MOVLW      1
0x017E	0x00A2      	MOVWF      _zeroPositionValue1
0x017F	0x3000      	MOVLW      0
0x0180	0x00A3      	MOVWF      _zeroPositionValue1+1
;D,193 :: 		
0x0181	0x1488      	BSF        PORTD, 1
;D,195 :: 		
0x0182	0x01A4      	CLRF       _i
0x0183	0x01A5      	CLRF       _i+1
L_main37:
0x0184	0x3000      	MOVLW      0
0x0185	0x0225      	SUBWF      _i+1, 0
0x0186	0x1D03      	BTFSS      STATUS, 2
0x0187	0x298A      	GOTO       L__main63
0x0188	0x30C8      	MOVLW      200
0x0189	0x0224      	SUBWF      _i, 0
L__main63:
0x018A	0x1803      	BTFSC      STATUS, 0
0x018B	0x29A6      	GOTO       L_main38
;D,197 :: 		
0x018C	0x1488      	BSF        PORTD, 1
;D,198 :: 		
0x018D	0x300D      	MOVLW      13
0x018E	0x00FC      	MOVWF      R12
0x018F	0x30FB      	MOVLW      251
0x0190	0x00FD      	MOVWF      R13
L_main40:
0x0191	0x0BFD      	DECFSZ     R13, 1
0x0192	0x2991      	GOTO       L_main40
0x0193	0x0BFC      	DECFSZ     R12, 1
0x0194	0x2991      	GOTO       L_main40
0x0195	0x0000      	NOP
0x0196	0x0000      	NOP
;D,199 :: 		
0x0197	0x1088      	BCF        PORTD, 1
;D,200 :: 		
0x0198	0x300D      	MOVLW      13
0x0199	0x00FC      	MOVWF      R12
0x019A	0x30FB      	MOVLW      251
0x019B	0x00FD      	MOVWF      R13
L_main41:
0x019C	0x0BFD      	DECFSZ     R13, 1
0x019D	0x299C      	GOTO       L_main41
0x019E	0x0BFC      	DECFSZ     R12, 1
0x019F	0x299C      	GOTO       L_main41
0x01A0	0x0000      	NOP
0x01A1	0x0000      	NOP
;D,195 :: 		
0x01A2	0x0AA4      	INCF       _i, 1
0x01A3	0x1903      	BTFSC      STATUS, 2
0x01A4	0x0AA5      	INCF       _i+1, 1
;D,202 :: 		
0x01A5	0x2984      	GOTO       L_main37
L_main38:
;D,204 :: 		
0x01A6	0x0AA8      	INCF       _numberOfNapkins, 1
0x01A7	0x1903      	BTFSC      STATUS, 2
0x01A8	0x0AA9      	INCF       _numberOfNapkins+1, 1
;D,205 :: 		
0x01A9	0x3002      	MOVLW      2
0x01AA	0x00FB      	MOVWF      R11
0x01AB	0x3004      	MOVLW      4
0x01AC	0x00FC      	MOVWF      R12
0x01AD	0x30BA      	MOVLW      186
0x01AE	0x00FD      	MOVWF      R13
L_main42:
0x01AF	0x0BFD      	DECFSZ     R13, 1
0x01B0	0x29AF      	GOTO       L_main42
0x01B1	0x0BFC      	DECFSZ     R12, 1
0x01B2	0x29AF      	GOTO       L_main42
0x01B3	0x0BFB      	DECFSZ     R11, 1
0x01B4	0x29AF      	GOTO       L_main42
0x01B5	0x0000      	NOP
;D,207 :: 		
0x01B6	0x297D      	GOTO       L_main35
;D,208 :: 		
L_main34:
;D,212 :: 		
0x01B7	0x01B4      	CLRF       FARG_ADC_Read_channel
0x01B8	0x201D      	CALL       _ADC_Read
0x01B9	0x0870      	MOVF       R0, 0
0x01BA	0x1283      	BCF        STATUS, 5
0x01BB	0x00AA      	MOVWF      _irReceiverValue
0x01BC	0x0871      	MOVF       R0+1, 0
0x01BD	0x00AB      	MOVWF      _irReceiverValue+1
;D,214 :: 		
0x01BE	0x300D      	MOVLW      13
0x01BF	0x00FC      	MOVWF      R12
0x01C0	0x30FB      	MOVLW      251
0x01C1	0x00FD      	MOVWF      R13
L_main43:
0x01C2	0x0BFD      	DECFSZ     R13, 1
0x01C3	0x29C2      	GOTO       L_main43
0x01C4	0x0BFC      	DECFSZ     R12, 1
0x01C5	0x29C2      	GOTO       L_main43
0x01C6	0x0000      	NOP
0x01C7	0x0000      	NOP
;D,216 :: 		
0x01C8	0x3000      	MOVLW      0
0x01C9	0x022B      	SUBWF      _irReceiverValue+1, 0
0x01CA	0x1D03      	BTFSS      STATUS, 2
0x01CB	0x29CE      	GOTO       L__main64
0x01CC	0x308C      	MOVLW      140
0x01CD	0x022A      	SUBWF      _irReceiverValue, 0
L__main64:
0x01CE	0x1803      	BTFSC      STATUS, 0
0x01CF	0x29D1      	GOTO       L_main44
;D,218 :: 		
0x01D0	0x1007      	BCF        PORTC, 0
;D,219 :: 		
L_main44:
;D,220 :: 		
0x01D1	0x082B      	MOVF       _irReceiverValue+1, 0
0x01D2	0x3C00      	SUBLW      0
0x01D3	0x1D03      	BTFSS      STATUS, 2
0x01D4	0x29D7      	GOTO       L__main65
0x01D5	0x082A      	MOVF       _irReceiverValue, 0
0x01D6	0x3C88      	SUBLW      136
L__main65:
0x01D7	0x1803      	BTFSC      STATUS, 0
0x01D8	0x29DA      	GOTO       L_main45
;D,222 :: 		
0x01D9	0x1407      	BSF        PORTC, 0
;D,223 :: 		
L_main45:
;D,228 :: 		
0x01DA	0x1286      	BCF        PORTB, 5
;D,229 :: 		
0x01DB	0x3082      	MOVLW      130
0x01DC	0x00FC      	MOVWF      R12
0x01DD	0x30DD      	MOVLW      221
0x01DE	0x00FD      	MOVWF      R13
L_main46:
0x01DF	0x0BFD      	DECFSZ     R13, 1
0x01E0	0x29DF      	GOTO       L_main46
0x01E1	0x0BFC      	DECFSZ     R12, 1
0x01E2	0x29DF      	GOTO       L_main46
0x01E3	0x0000      	NOP
0x01E4	0x0000      	NOP
;D,232 :: 		
0x01E5	0x01A8      	CLRF       _numberOfNapkins
0x01E6	0x01A9      	CLRF       _numberOfNapkins+1
;D,233 :: 		
0x01E7	0x01AC      	CLRF       _stepCount
0x01E8	0x01AD      	CLRF       _stepCount+1
;D,234 :: 		
0x01E9	0x01A6      	CLRF       _coinSwitchValue
0x01EA	0x01A7      	CLRF       _coinSwitchValue+1
;D,235 :: 		
0x01EB	0x01B0      	CLRF       _coinCount
0x01EC	0x01B1      	CLRF       _coinCount+1
;D,236 :: 		
0x01ED	0x01AA      	CLRF       _irReceiverValue
0x01EE	0x01AB      	CLRF       _irReceiverValue+1
;D,237 :: 		
0x01EF	0x01A2      	CLRF       _zeroPositionValue1
0x01F0	0x01A3      	CLRF       _zeroPositionValue1+1
;D,238 :: 		
0x01F1	0x01AE      	CLRF       _coinSwitchToggleFlag
0x01F2	0x01AF      	CLRF       _coinSwitchToggleFlag+1
;D,242 :: 		
L_main32:
;D,243 :: 		
0x01F3	0x28A2      	GOTO       L_main8
;D,244 :: 		
L_end_main:
0x01F4	0x29F4      	GOTO       $+0
; end of _main
Symbol List:
//** Routines locations **
//ADDRESS    SIZE    PROCEDURE
//----------------------------------------------
0x0003       [7]    _Delay_22us
0x000A       [7]    _____DoICP
0x0011      [12]    ___CC2DW
0x001D      [36]    _ADC_Read
0x0041     [436]    _main
//** Variables locations ** 
//ADDRESS    SIZE    VARIABLE
//----------------------------------------------
0x0000       [1]    INDF
0x0002       [1]    PCL
0x0003       [1]    STATUS
0x0004       [1]    FSR
0x0005       [1]    PORTA
0x0006       [1]    PORTB
0x0007       [1]    PORTC
0x0008       [1]    PORTD
0x0009       [1]    PORTE
0x000A       [1]    PCLATH
0x001E       [1]    ADRESH
0x001F       [1]    ADCON0
0x0020       [2]    _dispensing
0x0022       [2]    _zeroPositionValue1
0x0024       [2]    _i
0x0026       [2]    _coinSwitchValue
0x0028       [2]    _numberOfNapkins
0x002A       [2]    _irReceiverValue
0x002C       [2]    _stepCount
0x002E       [2]    _coinSwitchToggleFlag
0x0030       [2]    _coinCount
0x0032       [2]    ___DoICPAddr
0x0034       [1]    FARG_ADC_Read_channel
0x0070       [1]    R0
0x0071       [1]    R1
0x0072       [1]    R2
0x0073       [1]    R3
0x0074       [1]    R4
0x0075       [1]    R5
0x0076       [1]    R6
0x0077       [1]    R7
0x0078       [1]    R8
0x0079       [1]    R9
0x007A       [1]    R10
0x007B       [1]    R11
0x007C       [1]    R12
0x007D       [1]    R13
0x007E       [1]    R14
0x007F       [1]    R15
0x0085       [1]    TRISA
0x0086       [1]    TRISB
0x0087       [1]    TRISC
0x0088       [1]    TRISD
0x0089       [1]    TRISE
0x009E       [1]    ADRESL
0x009F       [1]    ADCON1
//** Label List: ** 
//----------------------------------------------
  L_adc_vlu_get0
  L_adc_vlu_get1
  L_main2
  L_main3
  L_main4
  L_main5
  L_main6
  L_main7
  L_main8
  L_main9
  L_main10
  L_main11
  L_main12
  L_main13
  L_main14
  L_main15
  L_main16
  L_main17
  L_main18
  L_main19
  L_main20
  L_main21
  L_main22
  L_main23
  L_main24
  L_main25
  L_main26
  L_main27
  L_main28
  L_main29
  L_main30
  L_main31
  L_main32
  L_main33
  L_main34
  L_main35
  L_main36
  L_main37
  L_main38
  L_main39
  L_main40
  L_main41
  L_main42
  L_main43
  L_main44
  L_main45
  L_main46
  L__main47
  L__main48
  L_end_adc_vlu_get
  _adc_vlu_get
  L_end_main
  _main
  L__main51
  L__main52
  L__main53
  L__main54
  L__main55
  L__main56
  L__main57
  L__main58
  L__main59
  L__main60
  L__main61
  L__main62
  L__main63
  L__main64
  L__main65
  L_ADC_Get_Sample0
  L_ADC_Get_Sample1
  L_ADC_Read2
  L_ADC_Read3
  L_end_ADC_Init
  _ADC_Init
  L_end_ADC_Get_Sample
  _ADC_Get_Sample
  L_end_ADC_Read
  _ADC_Read
  L_Delay_10us0
  L_Delay_22us1
  L_Delay_50us2
  L_Delay_80us3
  L_Delay_500us4
  L_Delay_5500us5
  L_Delay_1ms6
  L_Delay_5ms7
  L_Delay_8ms8
  L_Delay_10ms9
  L_Delay_100ms10
  L_Delay_1sec11
  L_boot16_Delay_5ms12
  L_Delay_Cyc13
  L_Delay_Cyc14
  L_VDelay_ms15
  L_VDelay_ms16
  L_VDelay_ms17
  L_VDelay_Advanced_ms18
  L_VDelay_Advanced_ms19
  L_VDelay_Advanced_ms20
  L_end_Get_Fosc_kHz
  _Get_Fosc_kHz
  L_end_Delay_1us
  _Delay_1us
  L_end_Delay_10us
  _Delay_10us
  L_end_Delay_22us
  _Delay_22us
  L_end_Delay_50us
  _Delay_50us
  L_end_Delay_80us
  _Delay_80us
  L_end_Delay_500us
  _Delay_500us
  L_end_Delay_5500us
  _Delay_5500us
  L_end_Delay_1ms
  _Delay_1ms
  L_end_Delay_5ms
  _Delay_5ms
  L_end_Delay_8ms
  _Delay_8ms
  L_end_Delay_10ms
  _Delay_10ms
  L_end_Delay_100ms
  _Delay_100ms
  L_end_Delay_1sec
  _Delay_1sec
  L_end_boot16_Delay_5ms
  _boot16_Delay_5ms
  L_end_Delay_Cyc
  _Delay_Cyc
  L_end_VDelay_ms
  _VDelay_ms
  L__VDelay_ms38
  L__VDelay_ms39
  L__VDelay_ms40
  L_end_VDelay_Advanced_ms
  _VDelay_Advanced_ms
  L__VDelay_Advanced_ms42
  L__VDelay_Advanced_ms43
  L__VDelay_Advanced_ms44
  L_loopCA2AWs
  L_CA2AWend
  _CCA2AW_Loop1
  L_loopCS2Ss
  L_CS2Send
  _CCS2S_Loop1
  L_CCS2Send
  L_loopFZinSWs
  L_FZinSend
  _CC2D_Loop1
  L_end_____DoICP
  _____DoICP
  L_end_____DoIFC
  _____DoIFC
  L_end___CA2AW
  ___CA2AW
  L_end___CCA2AW
  ___CCA2AW
  L_end___CS2S
  ___CS2S
  L_end___CCS2S
  ___CCS2S
  L_end___FZinS
  ___FZinS
  L_end___CC2DW
  ___CC2DW
  L_end_Swap
  _Swap
